<?xml version="1.0" encoding="UTF-8"?>
<!-- Generated by org.testng.reporters.JUnitXMLReporter -->
<testsuite ignored="0" hostname="LAPTOP-5GESHSNA" failures="0" tests="3" name="Default test" time="17.583" errors="0" timestamp="2026-05-09T19:36:18 IST">
  <testcase classname="tests.LoginTest" name="loginTest" time="2.285"/>
  <testcase classname="tests.LoginTest" name="loginTest" time="2.021"/>
  <testcase classname="tests.LoginTest" name="loginTest" time="2.074"/>
</testsuite> <!-- Default test -->
