<?xml version="1.0" encoding="UTF-8"?>
<!-- Generated by org.testng.reporters.JUnitXMLReporter -->
<testsuite ignored="0" hostname="LAPTOP-5GESHSNA" failures="2" tests="3" name="LoginTests" time="19.381" errors="0" timestamp="2026-05-09T22:56:37 IST">
  <testcase classname="tests.LoginTest" name="loginTest" time="2.316"/>
  <testcase classname="tests.LoginTest" name="loginTest" time="2.167">
    <failure type="java.lang.AssertionError" message="expected [Invali credentials] but found [Invalid credentials]">
      <![CDATA[java.lang.AssertionError: expected [Invali credentials] but found [Invalid credentials]
at tests.LoginTest.loginTest(LoginTest.java:41)
at java.base/java.util.ArrayList.forEach(ArrayList.java:1596)
... Removed 31 stack frames]]>
    </failure>
  </testcase> <!-- loginTest -->
  <testcase classname="tests.LoginTest" name="loginTest" time="1.841">
    <failure type="java.lang.AssertionError" message="expected [Invali credentials] but found [Invalid credentials]">
      <![CDATA[java.lang.AssertionError: expected [Invali credentials] but found [Invalid credentials]
at tests.LoginTest.loginTest(LoginTest.java:41)
at java.base/java.util.ArrayList.forEach(ArrayList.java:1596)
... Removed 31 stack frames]]>
    </failure>
  </testcase> <!-- loginTest -->
</testsuite> <!-- LoginTests -->
